<?xml version="1.0" encoding="UTF-8"?>
<testsuite name="org.example.springtest.web.PostsApiControllerTest" tests="2" skipped="0" failures="0" errors="0" timestamp="2023-07-14T06:01:43" hostname="hongseonghwaui-MacBookAir.local" time="0.364">
  <properties/>
  <testcase name="Posts_등록된다" classname="org.example.springtest.web.PostsApiControllerTest" time="0.299"/>
  <testcase name="Posts_수정된다" classname="org.example.springtest.web.PostsApiControllerTest" time="0.061"/>
  <system-out><![CDATA[2023-07-14 15:01:43.090  INFO 8153 --- [    Test worker] .b.t.c.SpringBootTestContextBootstrapper : Neither @ContextConfiguration nor @ContextHierarchy found for test class [org.example.springtest.web.PostsApiControllerTest], using SpringBootContextLoader
2023-07-14 15:01:43.096  INFO 8153 --- [    Test worker] o.s.t.c.support.AbstractContextLoader    : Could not detect default resource locations for test class [org.example.springtest.web.PostsApiControllerTest]: no resource found for suffixes {-context.xml, Context.groovy}.
2023-07-14 15:01:43.097  INFO 8153 --- [    Test worker] t.c.s.AnnotationConfigContextLoaderUtils : Could not detect default configuration classes for test class [org.example.springtest.web.PostsApiControllerTest]: PostsApiControllerTest does not declare any static, non-private, non-final, nested classes annotated with @Configuration.
2023-07-14 15:01:43.105  INFO 8153 --- [    Test worker] .b.t.c.SpringBootTestContextBootstrapper : Found @SpringBootConfiguration org.example.springtest.Application for test class org.example.springtest.web.PostsApiControllerTest
2023-07-14 15:01:43.111  INFO 8153 --- [    Test worker] .b.t.c.SpringBootTestContextBootstrapper : Loaded default TestExecutionListener class names from location [META-INF/spring.factories]: [org.springframework.security.test.context.support.WithSecurityContextTestExecutionListener, org.springframework.security.test.context.support.ReactorContextTestExecutionListener, org.springframework.boot.test.autoconfigure.restdocs.RestDocsTestExecutionListener, org.springframework.boot.test.autoconfigure.web.client.MockRestServiceServerResetTestExecutionListener, org.springframework.boot.test.autoconfigure.web.servlet.MockMvcPrintOnlyOnFailureTestExecutionListener, org.springframework.boot.test.autoconfigure.web.servlet.WebDriverTestExecutionListener, org.springframework.boot.test.mock.mockito.MockitoTestExecutionListener, org.springframework.boot.test.mock.mockito.ResetMocksTestExecutionListener, org.springframework.test.context.web.ServletTestExecutionListener, org.springframework.test.context.support.DirtiesContextBeforeModesTestExecutionListener, org.springframework.test.context.support.DependencyInjectionTestExecutionListener, org.springframework.test.context.support.DirtiesContextTestExecutionListener, org.springframework.test.context.transaction.TransactionalTestExecutionListener, org.springframework.test.context.jdbc.SqlScriptsTestExecutionListener]
2023-07-14 15:01:43.112  INFO 8153 --- [    Test worker] .b.t.c.SpringBootTestContextBootstrapper : Using TestExecutionListeners: [org.springframework.test.context.web.ServletTestExecutionListener@7671d54b, org.springframework.test.context.support.DirtiesContextBeforeModesTestExecutionListener@5378bf35, org.springframework.boot.test.mock.mockito.MockitoTestExecutionListener@378f7365, org.springframework.boot.test.autoconfigure.SpringBootDependencyInjectionTestExecutionListener@52dd6790, org.springframework.test.context.support.DirtiesContextTestExecutionListener@2afe2b0d, org.springframework.test.context.transaction.TransactionalTestExecutionListener@3ce9b870, org.springframework.test.context.jdbc.SqlScriptsTestExecutionListener@7031e0d3, org.springframework.security.test.context.support.WithSecurityContextTestExecutionListener@49e9e8a2, org.springframework.security.test.context.support.ReactorContextTestExecutionListener@129404d1, org.springframework.boot.test.autoconfigure.restdocs.RestDocsTestExecutionListener@634f04cb, org.springframework.boot.test.autoconfigure.web.client.MockRestServiceServerResetTestExecutionListener@1c874709, org.springframework.boot.test.autoconfigure.web.servlet.MockMvcPrintOnlyOnFailureTestExecutionListener@1a2d00c3, org.springframework.boot.test.autoconfigure.web.servlet.WebDriverTestExecutionListener@28ad2ddb, org.springframework.boot.test.mock.mockito.ResetMocksTestExecutionListener@33df0d59]
2023-07-14 15:01:43.146  INFO 8153 --- [    Test worker] o.a.c.c.C.[Tomcat].[localhost].[/]       : Initializing Spring TestDispatcherServlet ''
2023-07-14 15:01:43.146  INFO 8153 --- [    Test worker] o.s.t.web.servlet.TestDispatcherServlet  : Initializing Servlet ''
2023-07-14 15:01:43.149  INFO 8153 --- [    Test worker] o.s.t.web.servlet.TestDispatcherServlet  : Completed initialization in 3 ms
Hibernate: insert into posts (created_date, modified_date, author, content, title) values (?, ?, ?, ?, ?)
Hibernate: select posts0_.id as id1_0_, posts0_.created_date as created_2_0_, posts0_.modified_date as modified3_0_, posts0_.author as author4_0_, posts0_.content as content5_0_, posts0_.title as title6_0_ from posts posts0_
Hibernate: select posts0_.id as id1_0_, posts0_.created_date as created_2_0_, posts0_.modified_date as modified3_0_, posts0_.author as author4_0_, posts0_.content as content5_0_, posts0_.title as title6_0_ from posts posts0_
Hibernate: delete from posts where id=?
2023-07-14 15:01:43.435  INFO 8153 --- [    Test worker] o.a.c.c.C.[Tomcat].[localhost].[/]       : Initializing Spring TestDispatcherServlet ''
2023-07-14 15:01:43.440  INFO 8153 --- [    Test worker] o.s.t.web.servlet.TestDispatcherServlet  : Initializing Servlet ''
2023-07-14 15:01:43.445  INFO 8153 --- [    Test worker] o.s.t.web.servlet.TestDispatcherServlet  : Completed initialization in 4 ms
Hibernate: insert into posts (created_date, modified_date, author, content, title) values (?, ?, ?, ?, ?)
Hibernate: select posts0_.id as id1_0_0_, posts0_.created_date as created_2_0_0_, posts0_.modified_date as modified3_0_0_, posts0_.author as author4_0_0_, posts0_.content as content5_0_0_, posts0_.title as title6_0_0_ from posts posts0_ where posts0_.id=?
Hibernate: update posts set created_date=?, modified_date=?, author=?, content=?, title=? where id=?
Hibernate: select posts0_.id as id1_0_, posts0_.created_date as created_2_0_, posts0_.modified_date as modified3_0_, posts0_.author as author4_0_, posts0_.content as content5_0_, posts0_.title as title6_0_ from posts posts0_
Hibernate: select posts0_.id as id1_0_, posts0_.created_date as created_2_0_, posts0_.modified_date as modified3_0_, posts0_.author as author4_0_, posts0_.content as content5_0_, posts0_.title as title6_0_ from posts posts0_
Hibernate: delete from posts where id=?
]]></system-out>
  <system-err><![CDATA[]]></system-err>
</testsuite>
