<?xml version="1.0" encoding="UTF-8"?>
<testsuite name="org.example.springtest.web.dto.HelloResponseDtoTest" tests="1" skipped="0" failures="0" errors="0" timestamp="2023-07-14T06:01:26" hostname="hongseonghwaui-MacBookAir.local" time="0.076">
  <properties/>
  <testcase name="롬복_기능_테스트" classname="org.example.springtest.web.dto.HelloResponseDtoTest" time="0.076"/>
  <system-out><![CDATA[]]></system-out>
  <system-err><![CDATA[]]></system-err>
</testsuite>
