<?xml version="1.0" encoding="UTF-8"?>
<testsuite name="org.example.springtest.domain.posts.PostsRepositoryTest" tests="2" skipped="0" failures="0" errors="0" timestamp="2023-07-11T15:36:15" hostname="hongseonghwaui-MacBookAir.local" time="0.055">
  <properties/>
  <testcase name="게시글저장_불러오기" classname="org.example.springtest.domain.posts.PostsRepositoryTest" time="0.042"/>
  <testcase name="BaseTimeEntity_등록" classname="org.example.springtest.domain.posts.PostsRepositoryTest" time="0.012"/>
  <system-out><![CDATA[2023-07-12 00:36:13.473  INFO 25088 --- [    Test worker] .b.t.c.SpringBootTestContextBootstrapper : Neither @ContextConfiguration nor @ContextHierarchy found for test class [org.example.springtest.domain.posts.PostsRepositoryTest], using SpringBootContextLoader
2023-07-12 00:36:13.477  INFO 25088 --- [    Test worker] o.s.t.c.support.AbstractContextLoader    : Could not detect default resource locations for test class [org.example.springtest.domain.posts.PostsRepositoryTest]: no resource found for suffixes {-context.xml, Context.groovy}.
2023-07-12 00:36:13.478  INFO 25088 --- [    Test worker] t.c.s.AnnotationConfigContextLoaderUtils : Could not detect default configuration classes for test class [org.example.springtest.domain.posts.PostsRepositoryTest]: PostsRepositoryTest does not declare any static, non-private, non-final, nested classes annotated with @Configuration.
2023-07-12 00:36:13.508  INFO 25088 --- [    Test worker] .b.t.c.SpringBootTestContextBootstrapper : Found @SpringBootConfiguration org.example.springtest.Application for test class org.example.springtest.domain.posts.PostsRepositoryTest
2023-07-12 00:36:13.513  INFO 25088 --- [    Test worker] .b.t.c.SpringBootTestContextBootstrapper : Loaded default TestExecutionListener class names from location [META-INF/spring.factories]: [org.springframework.security.test.context.support.WithSecurityContextTestExecutionListener, org.springframework.security.test.context.support.ReactorContextTestExecutionListener, org.springframework.boot.test.autoconfigure.restdocs.RestDocsTestExecutionListener, org.springframework.boot.test.autoconfigure.web.client.MockRestServiceServerResetTestExecutionListener, org.springframework.boot.test.autoconfigure.web.servlet.MockMvcPrintOnlyOnFailureTestExecutionListener, org.springframework.boot.test.autoconfigure.web.servlet.WebDriverTestExecutionListener, org.springframework.boot.test.mock.mockito.MockitoTestExecutionListener, org.springframework.boot.test.mock.mockito.ResetMocksTestExecutionListener, org.springframework.test.context.web.ServletTestExecutionListener, org.springframework.test.context.support.DirtiesContextBeforeModesTestExecutionListener, org.springframework.test.context.support.DependencyInjectionTestExecutionListener, org.springframework.test.context.support.DirtiesContextTestExecutionListener, org.springframework.test.context.transaction.TransactionalTestExecutionListener, org.springframework.test.context.jdbc.SqlScriptsTestExecutionListener]
2023-07-12 00:36:13.514  INFO 25088 --- [    Test worker] .b.t.c.SpringBootTestContextBootstrapper : Using TestExecutionListeners: [org.springframework.test.context.web.ServletTestExecutionListener@49852eb5, org.springframework.test.context.support.DirtiesContextBeforeModesTestExecutionListener@3b53c2c2, org.springframework.boot.test.mock.mockito.MockitoTestExecutionListener@17abe78b, org.springframework.boot.test.autoconfigure.SpringBootDependencyInjectionTestExecutionListener@62321008, org.springframework.test.context.support.DirtiesContextTestExecutionListener@2a27a7d, org.springframework.test.context.transaction.TransactionalTestExecutionListener@27c2fd39, org.springframework.test.context.jdbc.SqlScriptsTestExecutionListener@6f9dc1f5, org.springframework.security.test.context.support.WithSecurityContextTestExecutionListener@1d5d2e5e, org.springframework.security.test.context.support.ReactorContextTestExecutionListener@cbdce1a, org.springframework.boot.test.autoconfigure.restdocs.RestDocsTestExecutionListener@3c26c181, org.springframework.boot.test.autoconfigure.web.client.MockRestServiceServerResetTestExecutionListener@3d353d99, org.springframework.boot.test.autoconfigure.web.servlet.MockMvcPrintOnlyOnFailureTestExecutionListener@49eedbbf, org.springframework.boot.test.autoconfigure.web.servlet.WebDriverTestExecutionListener@2b410186, org.springframework.boot.test.mock.mockito.ResetMocksTestExecutionListener@2161e7a6]

  .   ____          _            __ _ _
 /\\ / ___'_ __ _ _(_)_ __  __ _ \ \ \ \
( ( )\___ | '_ | '_| | '_ \/ _` | \ \ \ \
 \\/  ___)| |_)| | | | | || (_| |  ) ) ) )
  '  |____| .__|_| |_|_| |_\__, | / / / /
 =========|_|==============|___/=/_/_/_/
 :: Spring Boot ::        (v2.1.9.RELEASE)

2023-07-12 00:36:13.551  INFO 25088 --- [    Test worker] o.e.s.domain.posts.PostsRepositoryTest   : Starting PostsRepositoryTest on hongseonghwaui-MacBookAir.local with PID 25088 (started by seonghwa in /Users/seonghwa/Developer/SpringTest)
2023-07-12 00:36:13.551  INFO 25088 --- [    Test worker] o.e.s.domain.posts.PostsRepositoryTest   : No active profile set, falling back to default profiles: default
2023-07-12 00:36:13.976  INFO 25088 --- [    Test worker] .s.d.r.c.RepositoryConfigurationDelegate : Bootstrapping Spring Data repositories in DEFAULT mode.
2023-07-12 00:36:14.007  INFO 25088 --- [    Test worker] .s.d.r.c.RepositoryConfigurationDelegate : Finished Spring Data repository scanning in 30ms. Found 2 repository interfaces.
2023-07-12 00:36:14.152  INFO 25088 --- [    Test worker] trationDelegate$BeanPostProcessorChecker : Bean 'org.springframework.transaction.annotation.ProxyTransactionManagementConfiguration' of type [org.springframework.transaction.annotation.ProxyTransactionManagementConfiguration$$EnhancerBySpringCGLIB$$dfd7db5b] is not eligible for getting processed by all BeanPostProcessors (for example: not eligible for auto-proxying)
2023-07-12 00:36:14.244  INFO 25088 --- [    Test worker] com.zaxxer.hikari.HikariDataSource       : HikariPool-2 - Starting...
2023-07-12 00:36:14.249  INFO 25088 --- [    Test worker] com.zaxxer.hikari.HikariDataSource       : HikariPool-2 - Start completed.
2023-07-12 00:36:14.276  INFO 25088 --- [    Test worker] o.hibernate.jpa.internal.util.LogHelper  : HHH000204: Processing PersistenceUnitInfo [
	name: default
	...]
2023-07-12 00:36:14.289  INFO 25088 --- [    Test worker] org.hibernate.dialect.Dialect            : HHH000400: Using dialect: org.hibernate.dialect.MySQL5InnoDBDialect
Hibernate: drop table if exists posts
Hibernate: drop table if exists user
Hibernate: create table posts (id bigint not null auto_increment, created_date datetime, modified_date datetime, author varchar(255), content TEXT not null, title varchar(500) not null, primary key (id)) engine=InnoDB
Hibernate: create table user (id bigint not null auto_increment, created_date datetime, modified_date datetime, email varchar(255) not null, name varchar(255) not null, picture varchar(255), role varchar(255) not null, primary key (id)) engine=InnoDB
2023-07-12 00:36:14.408  INFO 25088 --- [    Test worker] o.h.t.schema.internal.SchemaCreatorImpl  : HHH000476: Executing import script 'org.hibernate.tool.schema.internal.exec.ScriptSourceInputNonExistentImpl@5c223f8'
2023-07-12 00:36:14.408  INFO 25088 --- [    Test worker] j.LocalContainerEntityManagerFactoryBean : Initialized JPA EntityManagerFactory for persistence unit 'default'
2023-07-12 00:36:14.627  INFO 25088 --- [    Test worker] o.h.h.i.QueryTranslatorFactoryInitiator  : HHH000397: Using ASTQueryTranslatorFactory
2023-07-12 00:36:14.782  INFO 25088 --- [    Test worker] o.s.s.web.DefaultSecurityFilterChain     : Creating filter chain: any request, [org.springframework.security.web.context.request.async.WebAsyncManagerIntegrationFilter@155a923f, org.springframework.security.web.context.SecurityContextPersistenceFilter@f100f0a, org.springframework.security.web.header.HeaderWriterFilter@6622f26, org.springframework.security.web.authentication.logout.LogoutFilter@187408dc, org.springframework.security.oauth2.client.web.OAuth2AuthorizationRequestRedirectFilter@64495cb0, org.springframework.security.oauth2.client.web.OAuth2LoginAuthenticationFilter@17f9b850, org.springframework.security.web.authentication.ui.DefaultLoginPageGeneratingFilter@17933d7b, org.springframework.security.web.authentication.ui.DefaultLogoutPageGeneratingFilter@7060947d, org.springframework.security.web.savedrequest.RequestCacheAwareFilter@4808ede2, org.springframework.security.web.servletapi.SecurityContextHolderAwareRequestFilter@5f84f0da, org.springframework.security.web.authentication.AnonymousAuthenticationFilter@5ee2fa1d, org.springframework.security.web.session.SessionManagementFilter@4691d9c8, org.springframework.security.web.access.ExceptionTranslationFilter@33be8c36, org.springframework.security.web.access.intercept.FilterSecurityInterceptor@57864b32]
2023-07-12 00:36:15.039  INFO 25088 --- [    Test worker] o.s.s.concurrent.ThreadPoolTaskExecutor  : Initializing ExecutorService 'applicationTaskExecutor'
2023-07-12 00:36:15.051  WARN 25088 --- [    Test worker] aWebConfiguration$JpaWebMvcConfiguration : spring.jpa.open-in-view is enabled by default. Therefore, database queries may be performed during view rendering. Explicitly configure spring.jpa.open-in-view to disable this warning
2023-07-12 00:36:15.083  INFO 25088 --- [    Test worker] o.s.b.a.w.s.WelcomePageHandlerMapping    : Adding welcome page template: index
2023-07-12 00:36:15.399  INFO 25088 --- [    Test worker] s.a.ScheduledAnnotationBeanPostProcessor : No TaskScheduler/ScheduledExecutorService bean found for scheduled processing
2023-07-12 00:36:15.401  INFO 25088 --- [    Test worker] o.e.s.domain.posts.PostsRepositoryTest   : Started PostsRepositoryTest in 1.885 seconds (JVM running for 19.269)
Hibernate: insert into posts (created_date, modified_date, author, content, title) values (?, ?, ?, ?, ?)
Hibernate: select posts0_.id as id1_0_, posts0_.created_date as created_2_0_, posts0_.modified_date as modified3_0_, posts0_.author as author4_0_, posts0_.content as content5_0_, posts0_.title as title6_0_ from posts posts0_
Hibernate: select posts0_.id as id1_0_, posts0_.created_date as created_2_0_, posts0_.modified_date as modified3_0_, posts0_.author as author4_0_, posts0_.content as content5_0_, posts0_.title as title6_0_ from posts posts0_
Hibernate: delete from posts where id=?
Hibernate: insert into posts (created_date, modified_date, author, content, title) values (?, ?, ?, ?, ?)
Hibernate: select posts0_.id as id1_0_, posts0_.created_date as created_2_0_, posts0_.modified_date as modified3_0_, posts0_.author as author4_0_, posts0_.content as content5_0_, posts0_.title as title6_0_ from posts posts0_
>>>>>>>>>>>> createDate=2023-07-12T00:36:15.452997, modifiedDate=2023-07-12T00:36:15.452997
Hibernate: select posts0_.id as id1_0_, posts0_.created_date as created_2_0_, posts0_.modified_date as modified3_0_, posts0_.author as author4_0_, posts0_.content as content5_0_, posts0_.title as title6_0_ from posts posts0_
Hibernate: delete from posts where id=?
]]></system-out>
  <system-err><![CDATA[]]></system-err>
</testsuite>
