<?xml version="1.0" encoding="UTF-8"?>
<testsuite name="org.example.springtest.web.IndexControllerTest" tests="1" skipped="0" failures="0" errors="0" timestamp="2023-07-11T15:36:13" hostname="hongseonghwaui-MacBookAir.local" time="0.274">
  <properties/>
  <testcase name="메인페이지_로딩" classname="org.example.springtest.web.IndexControllerTest" time="0.274"/>
  <system-out><![CDATA[2023-07-12 00:36:13.175  INFO 25088 --- [    Test worker] .b.t.c.SpringBootTestContextBootstrapper : Neither @ContextConfiguration nor @ContextHierarchy found for test class [org.example.springtest.web.IndexControllerTest], using SpringBootContextLoader
2023-07-12 00:36:13.179  INFO 25088 --- [    Test worker] o.s.t.c.support.AbstractContextLoader    : Could not detect default resource locations for test class [org.example.springtest.web.IndexControllerTest]: no resource found for suffixes {-context.xml, Context.groovy}.
2023-07-12 00:36:13.179  INFO 25088 --- [    Test worker] t.c.s.AnnotationConfigContextLoaderUtils : Could not detect default configuration classes for test class [org.example.springtest.web.IndexControllerTest]: IndexControllerTest does not declare any static, non-private, non-final, nested classes annotated with @Configuration.
2023-07-12 00:36:13.183  INFO 25088 --- [    Test worker] .b.t.c.SpringBootTestContextBootstrapper : Found @SpringBootConfiguration org.example.springtest.Application for test class org.example.springtest.web.IndexControllerTest
2023-07-12 00:36:13.187  INFO 25088 --- [    Test worker] .b.t.c.SpringBootTestContextBootstrapper : Loaded default TestExecutionListener class names from location [META-INF/spring.factories]: [org.springframework.security.test.context.support.WithSecurityContextTestExecutionListener, org.springframework.security.test.context.support.ReactorContextTestExecutionListener, org.springframework.boot.test.autoconfigure.restdocs.RestDocsTestExecutionListener, org.springframework.boot.test.autoconfigure.web.client.MockRestServiceServerResetTestExecutionListener, org.springframework.boot.test.autoconfigure.web.servlet.MockMvcPrintOnlyOnFailureTestExecutionListener, org.springframework.boot.test.autoconfigure.web.servlet.WebDriverTestExecutionListener, org.springframework.boot.test.mock.mockito.MockitoTestExecutionListener, org.springframework.boot.test.mock.mockito.ResetMocksTestExecutionListener, org.springframework.test.context.web.ServletTestExecutionListener, org.springframework.test.context.support.DirtiesContextBeforeModesTestExecutionListener, org.springframework.test.context.support.DependencyInjectionTestExecutionListener, org.springframework.test.context.support.DirtiesContextTestExecutionListener, org.springframework.test.context.transaction.TransactionalTestExecutionListener, org.springframework.test.context.jdbc.SqlScriptsTestExecutionListener]
2023-07-12 00:36:13.188  INFO 25088 --- [    Test worker] .b.t.c.SpringBootTestContextBootstrapper : Using TestExecutionListeners: [org.springframework.test.context.web.ServletTestExecutionListener@2f81d75b, org.springframework.test.context.support.DirtiesContextBeforeModesTestExecutionListener@dd716f6, org.springframework.boot.test.mock.mockito.MockitoTestExecutionListener@17c373d5, org.springframework.boot.test.autoconfigure.SpringBootDependencyInjectionTestExecutionListener@5f29e75a, org.springframework.test.context.support.DirtiesContextTestExecutionListener@7eb3c8eb, org.springframework.test.context.transaction.TransactionalTestExecutionListener@4b66016d, org.springframework.test.context.jdbc.SqlScriptsTestExecutionListener@47b79e0f, org.springframework.security.test.context.support.WithSecurityContextTestExecutionListener@5734b294, org.springframework.security.test.context.support.ReactorContextTestExecutionListener@3720cc09, org.springframework.boot.test.autoconfigure.restdocs.RestDocsTestExecutionListener@4cb6cee9, org.springframework.boot.test.autoconfigure.web.client.MockRestServiceServerResetTestExecutionListener@370a7696, org.springframework.boot.test.autoconfigure.web.servlet.MockMvcPrintOnlyOnFailureTestExecutionListener@45d8c2f1, org.springframework.boot.test.autoconfigure.web.servlet.WebDriverTestExecutionListener@74a90ec7, org.springframework.boot.test.mock.mockito.ResetMocksTestExecutionListener@e12473d]
2023-07-12 00:36:13.343  INFO 25088 --- [o-auto-1-exec-1] o.a.c.c.C.[Tomcat].[localhost].[/]       : Initializing Spring DispatcherServlet 'dispatcherServlet'
2023-07-12 00:36:13.348  INFO 25088 --- [o-auto-1-exec-1] o.s.web.servlet.DispatcherServlet        : Initializing Servlet 'dispatcherServlet'
2023-07-12 00:36:13.352  INFO 25088 --- [o-auto-1-exec-1] o.s.web.servlet.DispatcherServlet        : Completed initialization in 4 ms
Hibernate: select posts0_.id as id1_0_, posts0_.created_date as created_2_0_, posts0_.modified_date as modified3_0_, posts0_.author as author4_0_, posts0_.content as content5_0_, posts0_.title as title6_0_ from posts posts0_ order by posts0_.id DESC
]]></system-out>
  <system-err><![CDATA[]]></system-err>
</testsuite>
