<?xml version="1.0" encoding="UTF-8"?>
<testsuite name="org.example.springtest.web.HelloControllerTest" tests="2" skipped="0" failures="0" errors="0" timestamp="2023-07-11T15:36:13" hostname="hongseonghwaui-MacBookAir.local" time="0.07">
  <properties/>
  <testcase name="hello가_리턴된다" classname="org.example.springtest.web.HelloControllerTest" time="0.028"/>
  <testcase name="helloDto가_리턴된다" classname="org.example.springtest.web.HelloControllerTest" time="0.041"/>
  <system-out><![CDATA[2023-07-12 00:36:11.522  INFO 25088 --- [    Test worker] .b.t.a.w.s.WebMvcTestContextBootstrapper : Neither @ContextConfiguration nor @ContextHierarchy found for test class [org.example.springtest.web.HelloControllerTest], using SpringBootContextLoader
2023-07-12 00:36:11.530  INFO 25088 --- [    Test worker] o.s.t.c.support.AbstractContextLoader    : Could not detect default resource locations for test class [org.example.springtest.web.HelloControllerTest]: no resource found for suffixes {-context.xml, Context.groovy}.
2023-07-12 00:36:11.530  INFO 25088 --- [    Test worker] t.c.s.AnnotationConfigContextLoaderUtils : Could not detect default configuration classes for test class [org.example.springtest.web.HelloControllerTest]: HelloControllerTest does not declare any static, non-private, non-final, nested classes annotated with @Configuration.
2023-07-12 00:36:11.551  INFO 25088 --- [    Test worker] .b.t.c.SpringBootTestContextBootstrapper : Found @SpringBootConfiguration org.example.springtest.Application for test class org.example.springtest.web.HelloControllerTest
2023-07-12 00:36:11.552  INFO 25088 --- [    Test worker] .b.t.a.w.s.WebMvcTestContextBootstrapper : Loaded default TestExecutionListener class names from location [META-INF/spring.factories]: [org.springframework.security.test.context.support.WithSecurityContextTestExecutionListener, org.springframework.security.test.context.support.ReactorContextTestExecutionListener, org.springframework.boot.test.autoconfigure.restdocs.RestDocsTestExecutionListener, org.springframework.boot.test.autoconfigure.web.client.MockRestServiceServerResetTestExecutionListener, org.springframework.boot.test.autoconfigure.web.servlet.MockMvcPrintOnlyOnFailureTestExecutionListener, org.springframework.boot.test.autoconfigure.web.servlet.WebDriverTestExecutionListener, org.springframework.boot.test.mock.mockito.MockitoTestExecutionListener, org.springframework.boot.test.mock.mockito.ResetMocksTestExecutionListener, org.springframework.test.context.web.ServletTestExecutionListener, org.springframework.test.context.support.DirtiesContextBeforeModesTestExecutionListener, org.springframework.test.context.support.DependencyInjectionTestExecutionListener, org.springframework.test.context.support.DirtiesContextTestExecutionListener, org.springframework.test.context.transaction.TransactionalTestExecutionListener, org.springframework.test.context.jdbc.SqlScriptsTestExecutionListener]
2023-07-12 00:36:11.553  INFO 25088 --- [    Test worker] .b.t.a.w.s.WebMvcTestContextBootstrapper : Using TestExecutionListeners: [org.springframework.test.context.web.ServletTestExecutionListener@124d5c3c, org.springframework.test.context.support.DirtiesContextBeforeModesTestExecutionListener@674c26ba, org.springframework.boot.test.mock.mockito.MockitoTestExecutionListener@75bc7403, org.springframework.boot.test.autoconfigure.SpringBootDependencyInjectionTestExecutionListener@66409a02, org.springframework.test.context.support.DirtiesContextTestExecutionListener@1e94964a, org.springframework.test.context.transaction.TransactionalTestExecutionListener@186b0ad4, org.springframework.test.context.jdbc.SqlScriptsTestExecutionListener@e6179b6, org.springframework.security.test.context.support.WithSecurityContextTestExecutionListener@6c1362f2, org.springframework.security.test.context.support.ReactorContextTestExecutionListener@560f9ffc, org.springframework.boot.test.autoconfigure.restdocs.RestDocsTestExecutionListener@16721243, org.springframework.boot.test.autoconfigure.web.client.MockRestServiceServerResetTestExecutionListener@13db65f2, org.springframework.boot.test.autoconfigure.web.servlet.MockMvcPrintOnlyOnFailureTestExecutionListener@64a88189, org.springframework.boot.test.autoconfigure.web.servlet.WebDriverTestExecutionListener@4ef2129f, org.springframework.boot.test.mock.mockito.ResetMocksTestExecutionListener@4814f108]

  .   ____          _            __ _ _
 /\\ / ___'_ __ _ _(_)_ __  __ _ \ \ \ \
( ( )\___ | '_ | '_| | '_ \/ _` | \ \ \ \
 \\/  ___)| |_)| | | | | || (_| |  ) ) ) )
  '  |____| .__|_| |_|_| |_\__, | / / / /
 =========|_|==============|___/=/_/_/_/
 :: Spring Boot ::        (v2.1.9.RELEASE)

2023-07-12 00:36:11.662  INFO 25088 --- [    Test worker] o.e.springtest.web.HelloControllerTest   : Starting HelloControllerTest on hongseonghwaui-MacBookAir.local with PID 25088 (started by seonghwa in /Users/seonghwa/Developer/SpringTest)
2023-07-12 00:36:11.670  INFO 25088 --- [    Test worker] o.e.springtest.web.HelloControllerTest   : No active profile set, falling back to default profiles: default
2023-07-12 00:36:12.576  INFO 25088 --- [    Test worker] o.s.s.concurrent.ThreadPoolTaskExecutor  : Initializing ExecutorService 'applicationTaskExecutor'
2023-07-12 00:36:12.628  INFO 25088 --- [    Test worker] o.s.b.a.w.s.WelcomePageHandlerMapping    : Adding welcome page template: index
2023-07-12 00:36:12.905  INFO 25088 --- [    Test worker] .s.s.UserDetailsServiceAutoConfiguration : 

Using generated security password: 2dce8a9b-3cb9-40f8-8eab-22cae14ce3bd

2023-07-12 00:36:13.022  INFO 25088 --- [    Test worker] o.s.s.web.DefaultSecurityFilterChain     : Creating filter chain: any request, [org.springframework.security.web.context.request.async.WebAsyncManagerIntegrationFilter@50e36d0f, org.springframework.security.web.context.SecurityContextPersistenceFilter@5cfab1b0, org.springframework.security.web.header.HeaderWriterFilter@2b97a153, org.springframework.security.web.csrf.CsrfFilter@51843d9a, org.springframework.security.web.authentication.logout.LogoutFilter@36138e35, org.springframework.security.web.authentication.UsernamePasswordAuthenticationFilter@631ebc47, org.springframework.security.web.authentication.ui.DefaultLoginPageGeneratingFilter@7a4e89d4, org.springframework.security.web.authentication.ui.DefaultLogoutPageGeneratingFilter@2c34e21a, org.springframework.security.web.authentication.www.BasicAuthenticationFilter@2cc76063, org.springframework.security.web.savedrequest.RequestCacheAwareFilter@4e622bb8, org.springframework.security.web.servletapi.SecurityContextHolderAwareRequestFilter@58e9861e, org.springframework.security.web.authentication.AnonymousAuthenticationFilter@3be74b87, org.springframework.security.web.session.SessionManagementFilter@5b0f3156, org.springframework.security.web.access.ExceptionTranslationFilter@21567b8c, org.springframework.security.web.access.intercept.FilterSecurityInterceptor@10fd6ec3]
2023-07-12 00:36:13.042  INFO 25088 --- [    Test worker] o.s.b.t.m.w.SpringBootMockServletContext : Initializing Spring TestDispatcherServlet ''
2023-07-12 00:36:13.043  INFO 25088 --- [    Test worker] o.s.t.web.servlet.TestDispatcherServlet  : Initializing Servlet ''
2023-07-12 00:36:13.047  INFO 25088 --- [    Test worker] o.s.t.web.servlet.TestDispatcherServlet  : Completed initialization in 4 ms
2023-07-12 00:36:13.092  INFO 25088 --- [    Test worker] o.e.springtest.web.HelloControllerTest   : Started HelloControllerTest in 1.519 seconds (JVM running for 16.959)
]]></system-out>
  <system-err><![CDATA[]]></system-err>
</testsuite>
